Determining if the pthread_create exist failed with the following output:
Change Dir: /home/duncan/tiago_public_ws/build/play_motion/CMakeFiles/CMakeTmp

Run Build Command:"/usr/bin/make" "cmTC_10aec/fast"
/usr/bin/make -f CMakeFiles/cmTC_10aec.dir/build.make CMakeFiles/cmTC_10aec.dir/build
make[1]: Entering directory '/home/duncan/tiago_public_ws/build/play_motion/CMakeFiles/CMakeTmp'
Building C object CMakeFiles/cmTC_10aec.dir/CheckSymbolExists.c.o
/usr/bin/cc    -o CMakeFiles/cmTC_10aec.dir/CheckSymbolExists.c.o   -c /home/duncan/tiago_public_ws/build/play_motion/CMakeFiles/CMakeTmp/CheckSymbolExists.c
Linking C executable cmTC_10aec
/usr/bin/cmake -E cmake_link_script CMakeFiles/cmTC_10aec.dir/link.txt --verbose=1
/usr/bin/cc      -rdynamic CMakeFiles/cmTC_10aec.dir/CheckSymbolExists.c.o  -o cmTC_10aec 
CMakeFiles/cmTC_10aec.dir/CheckSymbolExists.c.o: In function `main':
CheckSymbolExists.c:(.text+0x1b): undefined reference to `pthread_create'
collect2: error: ld returned 1 exit status
CMakeFiles/cmTC_10aec.dir/build.make:97: recipe for target 'cmTC_10aec' failed
make[1]: *** [cmTC_10aec] Error 1
make[1]: Leaving directory '/home/duncan/tiago_public_ws/build/play_motion/CMakeFiles/CMakeTmp'
Makefile:126: recipe for target 'cmTC_10aec/fast' failed
make: *** [cmTC_10aec/fast] Error 2

File /home/duncan/tiago_public_ws/build/play_motion/CMakeFiles/CMakeTmp/CheckSymbolExists.c:
/* */
#include <pthread.h>

int main(int argc, char** argv)
{
  (void)argv;
#ifndef pthread_create
  return ((int*)(&pthread_create))[argc];
#else
  (void)argc;
  return 0;
#endif
}

Determining if the function pthread_create exists in the pthreads failed with the following output:
Change Dir: /home/duncan/tiago_public_ws/build/play_motion/CMakeFiles/CMakeTmp

Run Build Command:"/usr/bin/make" "cmTC_2ef12/fast"
/usr/bin/make -f CMakeFiles/cmTC_2ef12.dir/build.make CMakeFiles/cmTC_2ef12.dir/build
make[1]: Entering directory '/home/duncan/tiago_public_ws/build/play_motion/CMakeFiles/CMakeTmp'
Building C object CMakeFiles/cmTC_2ef12.dir/CheckFunctionExists.c.o
/usr/bin/cc   -DCHECK_FUNCTION_EXISTS=pthread_create   -o CMakeFiles/cmTC_2ef12.dir/CheckFunctionExists.c.o   -c /usr/share/cmake-3.10/Modules/CheckFunctionExists.c
Linking C executable cmTC_2ef12
/usr/bin/cmake -E cmake_link_script CMakeFiles/cmTC_2ef12.dir/link.txt --verbose=1
/usr/bin/cc  -DCHECK_FUNCTION_EXISTS=pthread_create    -rdynamic CMakeFiles/cmTC_2ef12.dir/CheckFunctionExists.c.o  -o cmTC_2ef12 -lpthreads 
/usr/bin/ld: cannot find -lpthreads
collect2: error: ld returned 1 exit status
CMakeFiles/cmTC_2ef12.dir/build.make:97: recipe for target 'cmTC_2ef12' failed
make[1]: *** [cmTC_2ef12] Error 1
make[1]: Leaving directory '/home/duncan/tiago_public_ws/build/play_motion/CMakeFiles/CMakeTmp'
Makefile:126: recipe for target 'cmTC_2ef12/fast' failed
make: *** [cmTC_2ef12/fast] Error 2


