Determining if the pthread_create exist failed with the following output:
Change Dir: /home/duncan/tiago_public_ws/build/gazebo_ros_control/CMakeFiles/CMakeTmp

Run Build Command:"/usr/bin/make" "cmTC_1eabd/fast"
/usr/bin/make -f CMakeFiles/cmTC_1eabd.dir/build.make CMakeFiles/cmTC_1eabd.dir/build
make[1]: Entering directory '/home/duncan/tiago_public_ws/build/gazebo_ros_control/CMakeFiles/CMakeTmp'
Building C object CMakeFiles/cmTC_1eabd.dir/CheckSymbolExists.c.o
/usr/bin/cc    -o CMakeFiles/cmTC_1eabd.dir/CheckSymbolExists.c.o   -c /home/duncan/tiago_public_ws/build/gazebo_ros_control/CMakeFiles/CMakeTmp/CheckSymbolExists.c
Linking C executable cmTC_1eabd
/usr/bin/cmake -E cmake_link_script CMakeFiles/cmTC_1eabd.dir/link.txt --verbose=1
/usr/bin/cc      -rdynamic CMakeFiles/cmTC_1eabd.dir/CheckSymbolExists.c.o  -o cmTC_1eabd 
CMakeFiles/cmTC_1eabd.dir/CheckSymbolExists.c.o: In function `main':
CheckSymbolExists.c:(.text+0x1b): undefined reference to `pthread_create'
collect2: error: ld returned 1 exit status
CMakeFiles/cmTC_1eabd.dir/build.make:97: recipe for target 'cmTC_1eabd' failed
make[1]: *** [cmTC_1eabd] Error 1
make[1]: Leaving directory '/home/duncan/tiago_public_ws/build/gazebo_ros_control/CMakeFiles/CMakeTmp'
Makefile:126: recipe for target 'cmTC_1eabd/fast' failed
make: *** [cmTC_1eabd/fast] Error 2

File /home/duncan/tiago_public_ws/build/gazebo_ros_control/CMakeFiles/CMakeTmp/CheckSymbolExists.c:
/* */
#include <pthread.h>

int main(int argc, char** argv)
{
  (void)argv;
#ifndef pthread_create
  return ((int*)(&pthread_create))[argc];
#else
  (void)argc;
  return 0;
#endif
}

Determining if the function pthread_create exists in the pthreads failed with the following output:
Change Dir: /home/duncan/tiago_public_ws/build/gazebo_ros_control/CMakeFiles/CMakeTmp

Run Build Command:"/usr/bin/make" "cmTC_ccbce/fast"
/usr/bin/make -f CMakeFiles/cmTC_ccbce.dir/build.make CMakeFiles/cmTC_ccbce.dir/build
make[1]: Entering directory '/home/duncan/tiago_public_ws/build/gazebo_ros_control/CMakeFiles/CMakeTmp'
Building C object CMakeFiles/cmTC_ccbce.dir/CheckFunctionExists.c.o
/usr/bin/cc   -DCHECK_FUNCTION_EXISTS=pthread_create   -o CMakeFiles/cmTC_ccbce.dir/CheckFunctionExists.c.o   -c /usr/share/cmake-3.10/Modules/CheckFunctionExists.c
Linking C executable cmTC_ccbce
/usr/bin/cmake -E cmake_link_script CMakeFiles/cmTC_ccbce.dir/link.txt --verbose=1
/usr/bin/cc  -DCHECK_FUNCTION_EXISTS=pthread_create    -rdynamic CMakeFiles/cmTC_ccbce.dir/CheckFunctionExists.c.o  -o cmTC_ccbce -lpthreads 
/usr/bin/ld: cannot find -lpthreads
collect2: error: ld returned 1 exit status
CMakeFiles/cmTC_ccbce.dir/build.make:97: recipe for target 'cmTC_ccbce' failed
make[1]: *** [cmTC_ccbce] Error 1
make[1]: Leaving directory '/home/duncan/tiago_public_ws/build/gazebo_ros_control/CMakeFiles/CMakeTmp'
Makefile:126: recipe for target 'cmTC_ccbce/fast' failed
make: *** [cmTC_ccbce/fast] Error 2


