Determining if the pthread_create exist failed with the following output:
Change Dir: /home/duncan/tiago_public_ws/build/roboticsgroup_gazebo_plugins/CMakeFiles/CMakeTmp

Run Build Command:"/usr/bin/make" "cmTC_8febe/fast"
/usr/bin/make -f CMakeFiles/cmTC_8febe.dir/build.make CMakeFiles/cmTC_8febe.dir/build
make[1]: Entering directory '/home/duncan/tiago_public_ws/build/roboticsgroup_gazebo_plugins/CMakeFiles/CMakeTmp'
Building C object CMakeFiles/cmTC_8febe.dir/CheckSymbolExists.c.o
/usr/bin/cc    -o CMakeFiles/cmTC_8febe.dir/CheckSymbolExists.c.o   -c /home/duncan/tiago_public_ws/build/roboticsgroup_gazebo_plugins/CMakeFiles/CMakeTmp/CheckSymbolExists.c
Linking C executable cmTC_8febe
/usr/bin/cmake -E cmake_link_script CMakeFiles/cmTC_8febe.dir/link.txt --verbose=1
/usr/bin/cc      -rdynamic CMakeFiles/cmTC_8febe.dir/CheckSymbolExists.c.o  -o cmTC_8febe 
CMakeFiles/cmTC_8febe.dir/CheckSymbolExists.c.o: In function `main':
CheckSymbolExists.c:(.text+0x1b): undefined reference to `pthread_create'
collect2: error: ld returned 1 exit status
CMakeFiles/cmTC_8febe.dir/build.make:97: recipe for target 'cmTC_8febe' failed
make[1]: *** [cmTC_8febe] Error 1
make[1]: Leaving directory '/home/duncan/tiago_public_ws/build/roboticsgroup_gazebo_plugins/CMakeFiles/CMakeTmp'
Makefile:126: recipe for target 'cmTC_8febe/fast' failed
make: *** [cmTC_8febe/fast] Error 2

File /home/duncan/tiago_public_ws/build/roboticsgroup_gazebo_plugins/CMakeFiles/CMakeTmp/CheckSymbolExists.c:
/* */
#include <pthread.h>

int main(int argc, char** argv)
{
  (void)argv;
#ifndef pthread_create
  return ((int*)(&pthread_create))[argc];
#else
  (void)argc;
  return 0;
#endif
}

Determining if the function pthread_create exists in the pthreads failed with the following output:
Change Dir: /home/duncan/tiago_public_ws/build/roboticsgroup_gazebo_plugins/CMakeFiles/CMakeTmp

Run Build Command:"/usr/bin/make" "cmTC_92fcb/fast"
/usr/bin/make -f CMakeFiles/cmTC_92fcb.dir/build.make CMakeFiles/cmTC_92fcb.dir/build
make[1]: Entering directory '/home/duncan/tiago_public_ws/build/roboticsgroup_gazebo_plugins/CMakeFiles/CMakeTmp'
Building C object CMakeFiles/cmTC_92fcb.dir/CheckFunctionExists.c.o
/usr/bin/cc   -DCHECK_FUNCTION_EXISTS=pthread_create   -o CMakeFiles/cmTC_92fcb.dir/CheckFunctionExists.c.o   -c /usr/share/cmake-3.10/Modules/CheckFunctionExists.c
Linking C executable cmTC_92fcb
/usr/bin/cmake -E cmake_link_script CMakeFiles/cmTC_92fcb.dir/link.txt --verbose=1
/usr/bin/cc  -DCHECK_FUNCTION_EXISTS=pthread_create    -rdynamic CMakeFiles/cmTC_92fcb.dir/CheckFunctionExists.c.o  -o cmTC_92fcb -lpthreads 
/usr/bin/ld: cannot find -lpthreads
collect2: error: ld returned 1 exit status
CMakeFiles/cmTC_92fcb.dir/build.make:97: recipe for target 'cmTC_92fcb' failed
make[1]: *** [cmTC_92fcb] Error 1
make[1]: Leaving directory '/home/duncan/tiago_public_ws/build/roboticsgroup_gazebo_plugins/CMakeFiles/CMakeTmp'
Makefile:126: recipe for target 'cmTC_92fcb/fast' failed
make: *** [cmTC_92fcb/fast] Error 2


