Determining if the pthread_create exist failed with the following output:
Change Dir: /home/duncan/tiago_public_ws/build/pal_statistics/CMakeFiles/CMakeTmp

Run Build Command:"/usr/bin/make" "cmTC_43c6f/fast"
/usr/bin/make -f CMakeFiles/cmTC_43c6f.dir/build.make CMakeFiles/cmTC_43c6f.dir/build
make[1]: Entering directory '/home/duncan/tiago_public_ws/build/pal_statistics/CMakeFiles/CMakeTmp'
Building C object CMakeFiles/cmTC_43c6f.dir/CheckSymbolExists.c.o
/usr/bin/cc    -o CMakeFiles/cmTC_43c6f.dir/CheckSymbolExists.c.o   -c /home/duncan/tiago_public_ws/build/pal_statistics/CMakeFiles/CMakeTmp/CheckSymbolExists.c
Linking C executable cmTC_43c6f
/usr/bin/cmake -E cmake_link_script CMakeFiles/cmTC_43c6f.dir/link.txt --verbose=1
/usr/bin/cc      -rdynamic CMakeFiles/cmTC_43c6f.dir/CheckSymbolExists.c.o  -o cmTC_43c6f 
CMakeFiles/cmTC_43c6f.dir/CheckSymbolExists.c.o: In function `main':
CheckSymbolExists.c:(.text+0x1b): undefined reference to `pthread_create'
collect2: error: ld returned 1 exit status
CMakeFiles/cmTC_43c6f.dir/build.make:97: recipe for target 'cmTC_43c6f' failed
make[1]: *** [cmTC_43c6f] Error 1
make[1]: Leaving directory '/home/duncan/tiago_public_ws/build/pal_statistics/CMakeFiles/CMakeTmp'
Makefile:126: recipe for target 'cmTC_43c6f/fast' failed
make: *** [cmTC_43c6f/fast] Error 2

File /home/duncan/tiago_public_ws/build/pal_statistics/CMakeFiles/CMakeTmp/CheckSymbolExists.c:
/* */
#include <pthread.h>

int main(int argc, char** argv)
{
  (void)argv;
#ifndef pthread_create
  return ((int*)(&pthread_create))[argc];
#else
  (void)argc;
  return 0;
#endif
}

Determining if the function pthread_create exists in the pthreads failed with the following output:
Change Dir: /home/duncan/tiago_public_ws/build/pal_statistics/CMakeFiles/CMakeTmp

Run Build Command:"/usr/bin/make" "cmTC_6519d/fast"
/usr/bin/make -f CMakeFiles/cmTC_6519d.dir/build.make CMakeFiles/cmTC_6519d.dir/build
make[1]: Entering directory '/home/duncan/tiago_public_ws/build/pal_statistics/CMakeFiles/CMakeTmp'
Building C object CMakeFiles/cmTC_6519d.dir/CheckFunctionExists.c.o
/usr/bin/cc   -DCHECK_FUNCTION_EXISTS=pthread_create   -o CMakeFiles/cmTC_6519d.dir/CheckFunctionExists.c.o   -c /usr/share/cmake-3.10/Modules/CheckFunctionExists.c
Linking C executable cmTC_6519d
/usr/bin/cmake -E cmake_link_script CMakeFiles/cmTC_6519d.dir/link.txt --verbose=1
/usr/bin/cc  -DCHECK_FUNCTION_EXISTS=pthread_create    -rdynamic CMakeFiles/cmTC_6519d.dir/CheckFunctionExists.c.o  -o cmTC_6519d -lpthreads 
/usr/bin/ld: cannot find -lpthreads
collect2: error: ld returned 1 exit status
CMakeFiles/cmTC_6519d.dir/build.make:97: recipe for target 'cmTC_6519d' failed
make[1]: *** [cmTC_6519d] Error 1
make[1]: Leaving directory '/home/duncan/tiago_public_ws/build/pal_statistics/CMakeFiles/CMakeTmp'
Makefile:126: recipe for target 'cmTC_6519d/fast' failed
make: *** [cmTC_6519d/fast] Error 2


